<?xml version="1.0" encoding="UTF-8" standalone="no"?>
<testsuite errors="0" failures="0" name="io.cucumber.core.plugin.JUnitFormatter" skipped="0" tests="2" time="42.548">
<testcase classname="Check User Login" name="Check Login with Valid Parameters" time="31.148">
<system-out><![CDATA[Given Start driver and navigate to target url "Chrome"......................passed
When Select userName and click login button.................................passed
Then Validate system login successfully.....................................passed
]]></system-out>
</testcase>
<testcase classname="Check User Login" name="Check Login with Valid Parameters" time="10.644">
<system-out><![CDATA[When Create New Deposit.....................................................passed
Then Deposit Create Successfully............................................passed
]]></system-out>
</testcase>
</testsuite>
