<?xml version="1.0" encoding="UTF-8" standalone="no"?>
<testsuite errors="0" failures="0" name="io.cucumber.core.plugin.JUnitFormatter" skipped="0" tests="1" time="26.306">
<testcase classname="Check User Login" name="Check Login with Valid Parameters" time="25.555">
<system-out><![CDATA[Given Start driver and navigate to target url "Chrome"......................passed
When Select userName and click login button.................................passed
Then Validate system login successfully.....................................passed
]]></system-out>
</testcase>
</testsuite>
